c:\users\administrator\source\repos\injector\injector\x64\debug\vc143.pdb
c:\users\administrator\source\repos\injector\injector\x64\debug\vc143.idb
c:\users\administrator\source\repos\injector\injector\x64\debug\injector.obj
c:\users\administrator\source\repos\injector\injector\x64\debug\injector.ilk
c:\users\administrator\source\repos\injector\x64\debug\injector.pdb
c:\users\administrator\source\repos\injector\injector\x64\debug\injector.tlog\cl.command.1.tlog
c:\users\administrator\source\repos\injector\injector\x64\debug\injector.tlog\cl.items.tlog
c:\users\administrator\source\repos\injector\injector\x64\debug\injector.tlog\cl.read.1.tlog
c:\users\administrator\source\repos\injector\injector\x64\debug\injector.tlog\cl.write.1.tlog
c:\users\administrator\source\repos\injector\injector\x64\debug\injector.tlog\link-cvtres.read.1.tlog
c:\users\administrator\source\repos\injector\injector\x64\debug\injector.tlog\link-cvtres.write.1.tlog
c:\users\administrator\source\repos\injector\injector\x64\debug\injector.tlog\link-rc.read.1.tlog
c:\users\administrator\source\repos\injector\injector\x64\debug\injector.tlog\link-rc.write.1.tlog
c:\users\administrator\source\repos\injector\injector\x64\debug\injector.tlog\link.command.1.tlog
c:\users\administrator\source\repos\injector\injector\x64\debug\injector.tlog\link.read.1.tlog
c:\users\administrator\source\repos\injector\injector\x64\debug\injector.tlog\link.read.2.tlog
c:\users\administrator\source\repos\injector\injector\x64\debug\injector.tlog\link.read.3.tlog
c:\users\administrator\source\repos\injector\injector\x64\debug\injector.tlog\link.read.4.tlog
c:\users\administrator\source\repos\injector\injector\x64\debug\injector.tlog\link.read.5.tlog
c:\users\administrator\source\repos\injector\injector\x64\debug\injector.tlog\link.secondary.1.tlog
c:\users\administrator\source\repos\injector\injector\x64\debug\injector.tlog\link.write.1.tlog
